[debug] [2022-01-23T16:15:26.305Z] ----------------------------------------------------------------------
[debug] [2022-01-23T16:15:26.307Z] Command:       C:\Program Files\nodejs\node.exe C:\Program Files\nodejs\node_modules\firebase-tools\lib\bin\firebase.js init hosting:github
[debug] [2022-01-23T16:15:26.308Z] CLI Version:   10.1.2
[debug] [2022-01-23T16:15:26.308Z] Platform:      win32
[debug] [2022-01-23T16:15:26.308Z] Node Version:  v16.13.1
[debug] [2022-01-23T16:15:26.309Z] Time:          Sun Jan 23 2022 10:15:26 GMT-0600 (Central Standard Time)
[debug] [2022-01-23T16:15:26.310Z] ----------------------------------------------------------------------
[debug] 
[debug] [2022-01-23T16:15:26.374Z] > command requires scopes: ["email","openid","https://www.googleapis.com/auth/cloudplatformprojects.readonly","https://www.googleapis.com/auth/firebase","https://www.googleapis.com/auth/cloud-platform"]
[debug] [2022-01-23T16:15:26.374Z] > authorizing via signed-in user (rick1stl@gmail.com)
[info] 
     ######## #### ########  ######## ########     ###     ######  ########
     ##        ##  ##     ## ##       ##     ##  ##   ##  ##       ##
     ######    ##  ########  ######   ########  #########  ######  ######
     ##        ##  ##    ##  ##       ##     ## ##     ##       ## ##
     ##       #### ##     ## ######## ########  ##     ##  ######  ########

You're about to initialize a Firebase project in this directory:

  C:\Users\rbb2c\_CODE\GITHUB\rbb-cameras

Before we get started, keep in mind:

  * You are initializing within an existing Firebase project directory

[info] 
=== Project Setup
[info] 
[info] First, let's associate this project directory with a Firebase project.
[info] You can create multiple project aliases by running firebase use --add, 
[info] but for now we'll just set up a default project.
[info] 
[debug] [2022-01-23T16:15:30.825Z] Using project from CLI flag: rbb-cameras
[debug] [2022-01-23T16:15:30.827Z] > refreshing access token with scopes: []
[debug] [2022-01-23T16:15:30.828Z] >>> HTTP REQUEST POST https://www.googleapis.com/oauth2/v3/token  
 <request body omitted>
[debug] [2022-01-23T16:15:30.977Z] <<< HTTP RESPONSE 200 {"expires":"Mon, 01 Jan 1990 00:00:00 GMT","pragma":"no-cache","date":"Sun, 23 Jan 2022 16:15:31 GMT","cache-control":"no-cache, no-store, max-age=0, must-revalidate","content-type":"application/json; charset=utf-8","vary":"X-Origin, Referer, Origin,Accept-Encoding","server":"scaffolding on HTTPServer2","x-xss-protection":"0","x-frame-options":"SAMEORIGIN","x-content-type-options":"nosniff","alt-svc":"h3=\":443\"; ma=2592000,h3-29=\":443\"; ma=2592000,h3-Q050=\":443\"; ma=2592000,h3-Q046=\":443\"; ma=2592000,h3-Q043=\":443\"; ma=2592000,quic=\":443\"; ma=2592000; v=\"46,43\"","accept-ranges":"none","transfer-encoding":"chunked"}
[debug] [2022-01-23T16:15:31.005Z] >>> [apiv2][query] GET https://firebase.googleapis.com/v1beta1/projects/rbb-cameras [none]
[debug] [2022-01-23T16:15:31.224Z] <<< [apiv2][status] GET https://firebase.googleapis.com/v1beta1/projects/rbb-cameras 200
[debug] [2022-01-23T16:15:31.224Z] <<< [apiv2][body] GET https://firebase.googleapis.com/v1beta1/projects/rbb-cameras {"projectId":"rbb-cameras","projectNumber":"220564580778","displayName":"rbb-cameras","name":"projects/rbb-cameras","resources":{"hostingSite":"rbb-cameras"},"state":"ACTIVE"}
[info] i  Using project rbb-cameras (rbb-cameras) 
[info] 
=== Hosting:github Setup
[info] 
[info] i  Detected a .git folder at C:\Users\rbb2c\_CODE\GITHUB\rbb-cameras 
[info] i  Authorizing with GitHub to upload your service account to a GitHub repository's secrets store. 
[info] 
[info] Visit this URL on this device to log in:
[info] https://github.com/login/oauth/authorize?client_id=89cf50f02ac6aaed3484&state=369186713&redirect_uri=http%3A%2F%2Flocalhost%3A9005&scope=read%3Auser%20repo%20public_repo
[info] 
[info] Waiting for authentication...
[debug] [2022-01-23T16:15:31.809Z] >>> HTTP REQUEST POST https://github.com/login/oauth/access_token  
 {"client_id":"89cf50f02ac6aaed3484","client_secret":"3330d14abc895d9a74d5f17cd7a00711fa2c5bf0","code":"976a6e1d9c1f3a2217b7","redirect_uri":"http://localhost:9005","state":"369186713"}
[debug] [2022-01-23T16:15:32.077Z] <<< HTTP RESPONSE 200 {"server":"GitHub.com","date":"Sun, 23 Jan 2022 16:15:33 GMT","content-type":"application/json; charset=utf-8","transfer-encoding":"chunked","vary":"X-PJAX, X-PJAX-Container, Accept-Encoding, Accept, X-Requested-With","permissions-policy":"interest-cohort=()","etag":"W/\"df8ae4e6bd8af80fac25c01914de8474\"","cache-control":"max-age=0, private, must-revalidate","strict-transport-security":"max-age=31536000; includeSubdomains; preload","x-frame-options":"deny","x-content-type-options":"nosniff","x-xss-protection":"0","referrer-policy":"origin-when-cross-origin, strict-origin-when-cross-origin","expect-ct":"max-age=2592000, report-uri=\"https://api.github.com/_private/browser/errors\"","content-security-policy":"default-src 'none'; base-uri 'self'; block-all-mixed-content; child-src github.com/assets-cdn/worker/ gist.github.com/assets-cdn/worker/; connect-src 'self' uploads.github.com objects-origin.githubusercontent.com www.githubstatus.com collector.githubapp.com api.github.com github-cloud.s3.amazonaws.com github-production-repository-file-5c1aeb.s3.amazonaws.com github-production-upload-manifest-file-7fdce7.s3.amazonaws.com github-production-user-asset-6210df.s3.amazonaws.com cdn.optimizely.com logx.optimizely.com/v1/events translator.github.com wss://alive.github.com; font-src github.githubassets.com; form-action 'self' github.com gist.github.com objects-origin.githubusercontent.com; frame-ancestors 'none'; frame-src render.githubusercontent.com viewscreen.githubusercontent.com notebooks.githubusercontent.com; img-src 'self' data: github.githubassets.com identicons.github.com collector.githubapp.com github-cloud.s3.amazonaws.com secured-user-images.githubusercontent.com/ *.githubusercontent.com; manifest-src 'self'; media-src github.com user-images.githubusercontent.com/; script-src github.githubassets.com; style-src 'unsafe-inline' github.githubassets.com; worker-src github.com/assets-cdn/worker/ gist.github.com/assets-cdn/worker/","x-github-request-id":"CE61:5D73:ED2458:1C185B4:61ED7F24"}
[debug] [2022-01-23T16:15:32.083Z] >>> [apiv2][query] GET https://api.github.com/user [none]
[debug] [2022-01-23T16:15:32.372Z] <<< [apiv2][status] GET https://api.github.com/user 200
[debug] [2022-01-23T16:15:32.373Z] <<< [apiv2][body] GET https://api.github.com/user {"login":"stldev","id":75532143,"node_id":"MDQ6VXNlcjc1NTMyMTQz","avatar_url":"https://avatars.githubusercontent.com/u/75532143?v=4","gravatar_id":"","url":"https://api.github.com/users/stldev","html_url":"https://github.com/stldev","followers_url":"https://api.github.com/users/stldev/followers","following_url":"https://api.github.com/users/stldev/following{/other_user}","gists_url":"https://api.github.com/users/stldev/gists{/gist_id}","starred_url":"https://api.github.com/users/stldev/starred{/owner}{/repo}","subscriptions_url":"https://api.github.com/users/stldev/subscriptions","organizations_url":"https://api.github.com/users/stldev/orgs","repos_url":"https://api.github.com/users/stldev/repos","events_url":"https://api.github.com/users/stldev/events{/privacy}","received_events_url":"https://api.github.com/users/stldev/received_events","type":"User","site_admin":false,"name":null,"company":null,"blog":"","location":null,"email":null,"hireable":null,"bio":null,"twitter_username":null,"public_repos":6,"public_gists":0,"followers":0,"following":1,"created_at":"2020-12-05T13:53:05Z","updated_at":"2021-12-12T03:15:50Z","private_gists":0,"total_private_repos":0,"owned_private_repos":0,"disk_usage":3884,"collaborators":0,"two_factor_authentication":false,"plan":{"name":"free","space":976562499,"collaborators":0,"private_repos":10000}}
[info] 
[info] +  Success! Logged into GitHub as stldev 
[info] 
[debug] [2022-01-23T16:16:03.421Z] >>> [apiv2][query] GET https://api.github.com/repos/stldev/rbb-cameras/actions/secrets/public-key type=owner
[debug] [2022-01-23T16:16:03.750Z] <<< [apiv2][status] GET https://api.github.com/repos/stldev/rbb-cameras/actions/secrets/public-key 200
[debug] [2022-01-23T16:16:03.751Z] <<< [apiv2][body] GET https://api.github.com/repos/stldev/rbb-cameras/actions/secrets/public-key {"key_id":"568250167242549743","key":"fa9B1Vc3vUYcsvWinvapa+FlNcE62uSkIQwnc9oHTD0="}
[debug] [2022-01-23T16:16:03.755Z] >>> [apiv2][query] GET https://api.github.com/repos/stldev/rbb-cameras [none]
[debug] [2022-01-23T16:16:04.007Z] <<< [apiv2][status] GET https://api.github.com/repos/stldev/rbb-cameras 200
[debug] [2022-01-23T16:16:04.008Z] <<< [apiv2][body] GET https://api.github.com/repos/stldev/rbb-cameras {"id":451139657,"node_id":"R_kgDOGuPYSQ","name":"rbb-cameras","full_name":"stldev/rbb-cameras","private":false,"owner":{"login":"stldev","id":75532143,"node_id":"MDQ6VXNlcjc1NTMyMTQz","avatar_url":"https://avatars.githubusercontent.com/u/75532143?v=4","gravatar_id":"","url":"https://api.github.com/users/stldev","html_url":"https://github.com/stldev","followers_url":"https://api.github.com/users/stldev/followers","following_url":"https://api.github.com/users/stldev/following{/other_user}","gists_url":"https://api.github.com/users/stldev/gists{/gist_id}","starred_url":"https://api.github.com/users/stldev/starred{/owner}{/repo}","subscriptions_url":"https://api.github.com/users/stldev/subscriptions","organizations_url":"https://api.github.com/users/stldev/orgs","repos_url":"https://api.github.com/users/stldev/repos","events_url":"https://api.github.com/users/stldev/events{/privacy}","received_events_url":"https://api.github.com/users/stldev/received_events","type":"User","site_admin":false},"html_url":"https://github.com/stldev/rbb-cameras","description":null,"fork":false,"url":"https://api.github.com/repos/stldev/rbb-cameras","forks_url":"https://api.github.com/repos/stldev/rbb-cameras/forks","keys_url":"https://api.github.com/repos/stldev/rbb-cameras/keys{/key_id}","collaborators_url":"https://api.github.com/repos/stldev/rbb-cameras/collaborators{/collaborator}","teams_url":"https://api.github.com/repos/stldev/rbb-cameras/teams","hooks_url":"https://api.github.com/repos/stldev/rbb-cameras/hooks","issue_events_url":"https://api.github.com/repos/stldev/rbb-cameras/issues/events{/number}","events_url":"https://api.github.com/repos/stldev/rbb-cameras/events","assignees_url":"https://api.github.com/repos/stldev/rbb-cameras/assignees{/user}","branches_url":"https://api.github.com/repos/stldev/rbb-cameras/branches{/branch}","tags_url":"https://api.github.com/repos/stldev/rbb-cameras/tags","blobs_url":"https://api.github.com/repos/stldev/rbb-cameras/git/blobs{/sha}","git_tags_url":"https://api.github.com/repos/stldev/rbb-cameras/git/tags{/sha}","git_refs_url":"https://api.github.com/repos/stldev/rbb-cameras/git/refs{/sha}","trees_url":"https://api.github.com/repos/stldev/rbb-cameras/git/trees{/sha}","statuses_url":"https://api.github.com/repos/stldev/rbb-cameras/statuses/{sha}","languages_url":"https://api.github.com/repos/stldev/rbb-cameras/languages","stargazers_url":"https://api.github.com/repos/stldev/rbb-cameras/stargazers","contributors_url":"https://api.github.com/repos/stldev/rbb-cameras/contributors","subscribers_url":"https://api.github.com/repos/stldev/rbb-cameras/subscribers","subscription_url":"https://api.github.com/repos/stldev/rbb-cameras/subscription","commits_url":"https://api.github.com/repos/stldev/rbb-cameras/commits{/sha}","git_commits_url":"https://api.github.com/repos/stldev/rbb-cameras/git/commits{/sha}","comments_url":"https://api.github.com/repos/stldev/rbb-cameras/comments{/number}","issue_comment_url":"https://api.github.com/repos/stldev/rbb-cameras/issues/comments{/number}","contents_url":"https://api.github.com/repos/stldev/rbb-cameras/contents/{+path}","compare_url":"https://api.github.com/repos/stldev/rbb-cameras/compare/{base}...{head}","merges_url":"https://api.github.com/repos/stldev/rbb-cameras/merges","archive_url":"https://api.github.com/repos/stldev/rbb-cameras/{archive_format}{/ref}","downloads_url":"https://api.github.com/repos/stldev/rbb-cameras/downloads","issues_url":"https://api.github.com/repos/stldev/rbb-cameras/issues{/number}","pulls_url":"https://api.github.com/repos/stldev/rbb-cameras/pulls{/number}","milestones_url":"https://api.github.com/repos/stldev/rbb-cameras/milestones{/number}","notifications_url":"https://api.github.com/repos/stldev/rbb-cameras/notifications{?since,all,participating}","labels_url":"https://api.github.com/repos/stldev/rbb-cameras/labels{/name}","releases_url":"https://api.github.com/repos/stldev/rbb-cameras/releases{/id}","deployments_url":"https://api.github.com/repos/stldev/rbb-cameras/deployments","created_at":"2022-01-23T15:05:15Z","updated_at":"2022-01-23T15:05:15Z","pushed_at":"2022-01-23T15:05:15Z","git_url":"git://github.com/stldev/rbb-cameras.git","ssh_url":"git@github.com:stldev/rbb-cameras.git","clone_url":"https://github.com/stldev/rbb-cameras.git","svn_url":"https://github.com/stldev/rbb-cameras","homepage":null,"size":0,"stargazers_count":0,"watchers_count":0,"language":null,"has_issues":true,"has_projects":true,"has_downloads":true,"has_wiki":true,"has_pages":false,"forks_count":0,"mirror_url":null,"archived":false,"disabled":false,"open_issues_count":0,"license":null,"allow_forking":true,"is_template":false,"topics":[],"visibility":"public","forks":0,"open_issues":0,"watchers":0,"default_branch":"main","permissions":{"admin":true,"maintain":true,"push":true,"triage":true,"pull":true},"temp_clone_token":"","allow_squash_merge":true,"allow_merge_commit":true,"allow_rebase_merge":true,"allow_auto_merge":false,"delete_branch_on_merge":false,"allow_update_branch":false,"network_count":0,"subscribers_count":1}
[debug] [2022-01-23T16:16:04.012Z] > refreshing access token with scopes: ["email","https://www.googleapis.com/auth/cloud-platform","https://www.googleapis.com/auth/cloudplatformprojects.readonly","https://www.googleapis.com/auth/firebase","openid"]
[debug] [2022-01-23T16:16:04.012Z] >>> HTTP REQUEST POST https://www.googleapis.com/oauth2/v3/token  
 <request body omitted>
[debug] [2022-01-23T16:16:04.117Z] <<< HTTP RESPONSE 200 {"expires":"Mon, 01 Jan 1990 00:00:00 GMT","cache-control":"no-cache, no-store, max-age=0, must-revalidate","pragma":"no-cache","date":"Sun, 23 Jan 2022 16:16:05 GMT","content-type":"application/json; charset=utf-8","vary":"X-Origin, Referer, Origin,Accept-Encoding","server":"scaffolding on HTTPServer2","x-xss-protection":"0","x-frame-options":"SAMEORIGIN","x-content-type-options":"nosniff","alt-svc":"h3=\":443\"; ma=2592000,h3-29=\":443\"; ma=2592000,h3-Q050=\":443\"; ma=2592000,h3-Q046=\":443\"; ma=2592000,h3-Q043=\":443\"; ma=2592000,quic=\":443\"; ma=2592000; v=\"46,43\"","accept-ranges":"none","transfer-encoding":"chunked"}
[debug] [2022-01-23T16:16:04.142Z] >>> HTTP REQUEST POST https://iam.googleapis.com/v1/projects/rbb-cameras/serviceAccounts  
 {"accountId":"github-action-451139657","serviceAccount":{"displayName":"GitHub Actions (stldev/rbb-cameras)","description":"A service account with permission to deploy to Firebase Hosting for the GitHub repository stldev/rbb-cameras"}}
[debug] [2022-01-23T16:16:04.451Z] <<< HTTP RESPONSE 409 {"vary":"X-Origin, Referer, Origin,Accept-Encoding","content-type":"application/json; charset=UTF-8","date":"Sun, 23 Jan 2022 16:16:05 GMT","server":"ESF","cache-control":"private","x-xss-protection":"0","x-frame-options":"SAMEORIGIN","x-content-type-options":"nosniff","alt-svc":"h3=\":443\"; ma=2592000,h3-29=\":443\"; ma=2592000,h3-Q050=\":443\"; ma=2592000,h3-Q046=\":443\"; ma=2592000,h3-Q043=\":443\"; ma=2592000,quic=\":443\"; ma=2592000; v=\"46,43\"","accept-ranges":"none","transfer-encoding":"chunked"}
[debug] [2022-01-23T16:16:04.452Z] <<< HTTP RESPONSE BODY {"error":{"code":409,"message":"Service account github-action-451139657 already exists within project projects/rbb-cameras.","status":"ALREADY_EXISTS","details":[{"@type":"type.googleapis.com/google.rpc.ResourceInfo","resourceName":"projects/rbb-cameras/serviceAccounts/github-action-451139657@rbb-cameras.iam.gserviceaccount.com"}]}}
[debug] [2022-01-23T16:16:04.456Z] >>> HTTP REQUEST GET https://iam.googleapis.com/v1/projects/rbb-cameras/serviceAccounts/github-action-451139657@rbb-cameras.iam.gserviceaccount.com  
 
[debug] [2022-01-23T16:16:04.457Z] >>> HTTP REQUEST POST https://cloudresourcemanager.googleapis.com/v1/projects/rbb-cameras:getIamPolicy  
 
[debug] [2022-01-23T16:16:04.499Z] Error: getaddrinfo ENOTFOUND cloudresourcemanager.googleapis.com
    at GetAddrInfoReqWrap.onlookup [as oncomplete] (node:dns:71:26)
[error] 
[error] Error: Server Error. getaddrinfo ENOTFOUND cloudresourcemanager.googleapis.com
[debug] [2022-01-23T16:16:04.585Z] <<< HTTP RESPONSE 200 {"content-type":"application/json; charset=UTF-8","vary":"X-Origin, Referer, Origin,Accept-Encoding","date":"Sun, 23 Jan 2022 16:16:05 GMT","server":"ESF","cache-control":"private","x-xss-protection":"0","x-frame-options":"SAMEORIGIN","x-content-type-options":"nosniff","alt-svc":"h3=\":443\"; ma=2592000,h3-29=\":443\"; ma=2592000,h3-Q050=\":443\"; ma=2592000,h3-Q046=\":443\"; ma=2592000,h3-Q043=\":443\"; ma=2592000,quic=\":443\"; ma=2592000; v=\"46,43\"","accept-ranges":"none","transfer-encoding":"chunked"}
